#
# There is insufficient memory for the Java Runtime Environment to continue.
# Native memory allocation (malloc) failed to allocate 1048576 bytes for AllocateHeap
# Possible reasons:
#   The system is out of physical RAM or swap space
#   In 32 bit mode, the process size limit was hit
# Possible solutions:
#   Reduce memory load on the system
#   Increase physical memory or swap space
#   Check if swap backing store is full
#   Use 64 bit Java on a 64 bit OS
#   Decrease Java heap size (-Xmx/-Xms)
#   Decrease number of Java threads
#   Decrease Java thread stack sizes (-Xss)
#   Set larger code cache with -XX:ReservedCodeCacheSize=
# This output file may be truncated or incomplete.
#
#  Out of Memory Error (memory/allocation.inline.hpp:61), pid=3160, tid=6448
#
# JRE version:  (8.0_45-b15) (build )
# Java VM: Java HotSpot(TM) 64-Bit Server VM (25.45-b02 mixed mode windows-amd64 compressed oops)
# Failed to write core dump. Minidumps are not enabled by default on client versions of Windows
#

---------------  T H R E A D  ---------------

Current thread (0x00000000027c2800):  JavaThread "Unknown thread" [_thread_in_vm, id=6448, stack(0x0000000000f70000,0x0000000001070000)]

Stack: [0x0000000000f70000,0x0000000001070000]
Native frames: (J=compiled Java code, j=interpreted, Vv=VM code, C=native code)
V  [jvm.dll+0x32b57a]


---------------  P R O C E S S  ---------------

Java Threads: ( => current thread )

Other Threads:

=>0x00000000027c2800 (exited) JavaThread "Unknown thread" [_thread_in_vm, id=6448, stack(0x0000000000f70000,0x0000000001070000)]

VM state:not at safepoint (normal execution)

VM Mutex/Monitor currently owned by a thread: None

Heap:
 PSYoungGen      total 27648K, used 481K [0x00000000e1900000, 0x00000000e3780000, 0x0000000100000000)
  eden space 24064K, 2% used [0x00000000e1900000,0x00000000e1978528,0x00000000e3080000)
  from space 3584K, 0% used [0x00000000e3400000,0x00000000e3400000,0x00000000e3780000)
  to   space 3584K, 0% used [0x00000000e3080000,0x00000000e3080000,0x00000000e3400000)
 ParOldGen       total 62976K, used 0K [0x00000000a4a00000, 0x00000000a8780000, 0x00000000e1900000)
  object space 62976K, 0% used [0x00000000a4a00000,0x00000000a4a00000,0x00000000a8780000)
 Metaspace       used 766K, capacity 4480K, committed 4480K, reserved 1056768K
  class space    used 75K, capacity 384K, committed 384K, reserved 1048576K

Card table byte_map: [0x0000000011eb0000,0x0000000012190000] byte_map_base: 0x000000001198b000

Marking Bits: (ParMarkBitMap*) 0x0000000071924040
 Begin Bits: [0x0000000012680000, 0x0000000013d58000)
 End Bits:   [0x0000000013d58000, 0x0000000015430000)

Polling page: 0x00000000027a0000

CodeCache: size=245760Kb used=328Kb max_used=328Kb free=245431Kb
 bounds [0x0000000002af0000, 0x0000000002d60000, 0x0000000011af0000]
 total_blobs=57 nmethods=0 adapters=37
 compilation: enabled

Compilation events (0 events):
No events

GC Heap History (0 events):
No events

Deoptimization events (0 events):
No events

Internal exceptions (0 events):
No events

Events (10 events):
Event: 0.031 loading class java/lang/Short
Event: 0.031 loading class java/lang/Short done
Event: 0.031 loading class java/lang/Integer
Event: 0.031 loading class java/lang/Integer done
Event: 0.031 loading class java/lang/Long
Event: 0.031 loading class java/lang/Long done
Event: 0.032 loading class java/lang/NullPointerException
Event: 0.032 loading class java/lang/NullPointerException done
Event: 0.032 loading class java/lang/ArithmeticException
Event: 0.032 loading class java/lang/ArithmeticException done


Dynamic libraries:
0x00007ff6e0c30000 - 0x00007ff6e0c67000 	C:\Program Files\Java\jdk1.8.0_45\bin\java.exe
0x00007ffd5ec10000 - 0x00007ffd5edbc000 	C:\Windows\SYSTEM32\ntdll.dll
0x00007ffd5dda0000 - 0x00007ffd5dede000 	C:\Windows\system32\KERNEL32.DLL
0x00007ffd5bee0000 - 0x00007ffd5bff5000 	C:\Windows\system32\KERNELBASE.dll
0x00007ffd5a6e0000 - 0x00007ffd5a76e000 	C:\Windows\system32\apphelp.dll
0x00007ffd3def0000 - 0x00007ffd3df43000 	C:\Windows\AppPatch\AppPatch64\AcGenral.DLL
0x00007ffd5ea50000 - 0x00007ffd5eafa000 	C:\Windows\system32\msvcrt.dll
0x00007ffd5bb30000 - 0x00007ffd5bb5e000 	C:\Windows\SYSTEM32\SspiCli.dll
0x00007ffd5dee0000 - 0x00007ffd5df34000 	C:\Windows\system32\SHLWAPI.dll
0x00007ffd5c290000 - 0x00007ffd5c407000 	C:\Windows\system32\USER32.dll
0x00007ffd5df40000 - 0x00007ffd5e0d4000 	C:\Windows\system32\ole32.dll
0x00007ffd5c410000 - 0x00007ffd5d928000 	C:\Windows\system32\SHELL32.dll
0x00007ffd5b300000 - 0x00007ffd5b321000 	C:\Windows\SYSTEM32\USERENV.dll
0x00007ffd5e670000 - 0x00007ffd5e71a000 	C:\Windows\system32\ADVAPI32.dll
0x00007ffd53120000 - 0x00007ffd5313e000 	C:\Windows\SYSTEM32\MPR.dll
0x00007ffd5e900000 - 0x00007ffd5ea41000 	C:\Windows\system32\RPCRT4.dll
0x00007ffd5e610000 - 0x00007ffd5e669000 	C:\Windows\SYSTEM32\sechost.dll
0x00007ffd5d970000 - 0x00007ffd5db81000 	C:\Windows\SYSTEM32\combase.dll
0x00007ffd5e7a0000 - 0x00007ffd5e8f1000 	C:\Windows\system32\GDI32.dll
0x00007ffd5bd60000 - 0x00007ffd5bd75000 	C:\Windows\SYSTEM32\profapi.dll
0x00007ffd59e80000 - 0x00007ffd59f32000 	C:\Windows\SYSTEM32\SHCORE.dll
0x00007ffd5d930000 - 0x00007ffd5d966000 	C:\Windows\system32\IMM32.DLL
0x00007ffd5e1b0000 - 0x00007ffd5e302000 	C:\Windows\system32\MSCTF.dll
0x00007ffd595f0000 - 0x00007ffd5986a000 	C:\Windows\WinSxS\amd64_microsoft.windows.common-controls_6595b64144ccf1df_6.0.9600.17810_none_6240b9c7ecbd0bda\COMCTL32.dll
0x0000000072900000 - 0x00000000729d2000 	C:\Program Files\Java\jdk1.8.0_45\jre\bin\msvcr100.dll
0x0000000071120000 - 0x00000000719a3000 	C:\Program Files\Java\jdk1.8.0_45\jre\bin\server\jvm.dll
0x00007ffd54c20000 - 0x00007ffd54c29000 	C:\Windows\SYSTEM32\WSOCK32.dll
0x00007ffd54cc0000 - 0x00007ffd54ce2000 	C:\Windows\SYSTEM32\WINMM.dll
0x00007ffd55290000 - 0x00007ffd5529a000 	C:\Windows\SYSTEM32\VERSION.dll
0x00007ffd5eb30000 - 0x00007ffd5eb37000 	C:\Windows\system32\PSAPI.DLL
0x00007ffd5db90000 - 0x00007ffd5dbea000 	C:\Windows\system32\WS2_32.dll
0x00007ffd54c90000 - 0x00007ffd54cba000 	C:\Windows\SYSTEM32\WINMMBASE.dll
0x00007ffd5e790000 - 0x00007ffd5e799000 	C:\Windows\system32\NSI.dll
0x00007ffd5c060000 - 0x00007ffd5c0af000 	C:\Windows\SYSTEM32\cfgmgr32.dll
0x00007ffd5ab80000 - 0x00007ffd5aba8000 	C:\Windows\SYSTEM32\DEVOBJ.dll
0x00000000728f0000 - 0x00000000728ff000 	C:\Program Files\Java\jdk1.8.0_45\jre\bin\verify.dll
0x0000000071bd0000 - 0x0000000071bf9000 	C:\Program Files\Java\jdk1.8.0_45\jre\bin\java.dll
0x0000000071100000 - 0x0000000071116000 	C:\Program Files\Java\jdk1.8.0_45\jre\bin\zip.dll
0x00007ffd54230000 - 0x00007ffd543b9000 	C:\Windows\SYSTEM32\dbghelp.dll

VM Arguments:
jvm_args: -Dfile.encoding=UTF-8 -Xbootclasspath/p:C:\Program Files\NetBeans 8.0.2\enterprise\modules\ext\javaee6-endorsed\javax.annotation.jar;C:\Program Files\NetBeans 8.0.2\enterprise\modules\ext\javaee6-endorsed\jaxb-api-osgi.jar;C:\Program Files\NetBeans 8.0.2\enterprise\modules\ext\javaee6-endorsed\webservices-api-osgi.jar 
java_command: mvc.model.conexao.teste
java_class_path (initial): D:\ProjetosJAVA\EstacaoFitness\build\web\WEB-INF\classes;C:\Program Files\NetBeans 8.0.2\ide\modules\ext\mysql-connector-java-5.1.23-bin.jar;C:\Program Files\NetBeans 8.0.2\enterprise\modules\ext\jstl-impl.jar;C:\Program Files\NetBeans 8.0.2\enterprise\modules\ext\jstl-api.jar;C:\Users\Natanael\Downloads\commons-fileupload-1.3.1.jar;C:\Users\Natanael\Downloads\aqui\commons-io-2.4-javadoc.jar;C:\Users\Natanael\Downloads\aqui\commons-io-2.4-sources.jar;C:\Users\Natanael\Downloads\aqui\commons-io-2.4-test-sources.jar;C:\Users\Natanael\Downloads\aqui\commons-io-2.4-tests.jar;C:\Users\Natanael\Downloads\aqui\commons-io-2.4.jar;C:\Program Files\glassfish-4.1\glassfish\modules\endorsed\javax.annotation-api.jar;C:\Program Files\glassfish-4.1\glassfish\modules\endorsed\jaxb-api.jar;C:\Program Files\glassfish-4.1\glassfish\modules\endorsed\webservices-api-osgi.jar;C:\Program Files\glassfish-4.1\glassfish\modules\bean-validator.jar;C:\Program Files\glassfish-4.1\glassfish\modules\javax.batch-api.jar;C:\Program Files\glassfish-4.1\glassfish\modules\javax.ejb-api.jar;C:\Program Files\glassfish-4.1\glassfish\modules\javax.el.jar;C:\Program Files\glassfish-4.1\glassfish\modules\javax.enterprise.concurrent-api.jar;C:\Program Files\glassfish-4.1\glassfish\modules\javax.enterprise.concurrent.jar;C:\Program Files\glassfish-4.1\glassfish\modules\javax.enterprise.deploy-api.jar;C:\Program Files\glassfish-4.1\glassfish\modules\javax.faces.jar;C:\Program Files\glassfish-4.1\glassfish\modules\javax.inject.jar;C:\Program Files\glassfish-4.1\glassfish\modules\javax.interceptor-api.jar;C:\Program Files\glassfish-4.1\glassfish\modules\javax.jms-api.jar;C:\Program Files\glassfish-4.1\glassfish\modules\javax.json.jar;C:\Program Files\glassfish-4.1\glassfish\modules\javax.mail.jar;C:\Program Files\glassfish-4.1\glassfish\modules\javax.management.j2ee-api.jar;C:\Program Files\glassfish-4.1\glassfish\modules\javax.persistence.jar;C:\Program Files\glassfish-4.1\glassfish
Launcher Type: SUN_STANDARD

Environment Variables:
PATH=C:\ProgramData\Oracle\Java\javapath;C:\Program Files (x86)\Intel\iCLS Client\;C:\Program Files\Intel\iCLS Client\;C:\Windows\system32;C:\Windows;C:\Windows\System32\Wbem;C:\Windows\System32\WindowsPowerShell\v1.0\;C:\Program Files (x86)\Windows Kits\8.1\Windows Performance Toolkit\;C:\Program Files\Microsoft SQL Server\110\Tools\Binn\;C:\Program Files (x86)\Microsoft SDKs\TypeScript\1.0\;C:\Program Files\Microsoft SQL Server\120\Tools\Binn\;C:\Program Files\Intel\Intel(R) Management Engine Components\DAL;C:\Program Files\Intel\Intel(R) Management Engine Components\IPT;C:\Program Files (x86)\Intel\Intel(R) Management Engine Components\DAL;C:\Program Files (x86)\Intel\Intel(R) Management Engine Components\IPT;C:\Program Files\Microsoft SQL Server\110\DTS\Binn\;C:\Program Files (x86)\Microsoft SQL Server\110\Tools\Binn\;C:\Program Files (x86)\Microsoft SQL Server\110\Tools\Binn\ManagementStudio\;C:\Program Files (x86)\Microsoft Visual Studio 10.0\Common7\IDE\PrivateAssemblies\;C:\Program Files (x86)\Microsoft SQL Server\110\DTS\Binn\
USERNAME=Natanael
OS=Windows_NT
PROCESSOR_IDENTIFIER=Intel64 Family 6 Model 58 Stepping 9, GenuineIntel



---------------  S Y S T E M  ---------------

OS: Windows 8.1 , 64 bit Build 9600 (6.3.9600.17415)

CPU:total 4 (2 cores per cpu, 2 threads per core) family 6 model 58 stepping 9, cmov, cx8, fxsr, mmx, sse, sse2, sse3, ssse3, sse4.1, sse4.2, popcnt, avx, clmul, erms, ht, tsc, tscinvbit, tscinv

Memory: 4k page, physical 5985820k(1306628k free), swap 5985824k(5128k free)

vm_info: Java HotSpot(TM) 64-Bit Server VM (25.45-b02) for windows-amd64 JRE (1.8.0_45-b15), built on Apr 30 2015 12:40:44 by "java_re" with MS VC++ 10.0 (VS2010)

time: Fri Jun 19 01:38:04 2015
elapsed time: 0 seconds (0d 0h 0m 0s)

